<?xml version="1.0" encoding="UTF-8"?>
<!-- Generated by org.testng.reporters.JUnitReportReporter -->
<testsuite hostname="DESKTOP-90P10FL" failures="0" tests="1" name="TestNG.testNG" time="0.008" errors="0" timestamp="2022-07-30T19:02:11 IST" skipped="0">
  <testcase classname="TestNG.testNG" name="method1" time="0.008"/>
  <system-out/>
</testsuite> <!-- TestNG.testNG -->
