<?xml version="1.0" encoding="UTF-8"?>
<!-- Generated by org.testng.reporters.JUnitReportReporter -->
<testsuite hostname="DESKTOP-90P10FL" failures="0" tests="1" name="com.Saucedemo.TestClasses.TC001_VerifyLoginPageFunctionality" time="11.791" errors="0" timestamp="2022-08-07T14:35:29 IST" skipped="0">
  <testcase classname="com.Saucedemo.TestClasses.TC001_VerifyLoginPageFunctionality" name="verifyLoginFunctionality" time="11.791"/>
  <system-out/>
</testsuite> <!-- com.Saucedemo.TestClasses.TC001_VerifyLoginPageFunctionality -->
