<?xml version="1.0" encoding="UTF-8"?>
<!-- Generated by org.testng.reporters.JUnitReportReporter -->
<testsuite hostname="DESKTOP-90P10FL" failures="0" tests="2" name="com.Saucedemo.TestClasses.TC001_VerifyLoginPageFunctionality" time="38.689" errors="0" timestamp="2022-08-04T00:16:07 IST" skipped="0">
  <testcase classname="com.Saucedemo.TestClasses.TC001_VerifyLoginPageFunctionality" name="verifyLoginFunctionality" time="15.976"/>
  <system-out/>
  <testcase classname="com.Saucedemo.TestClasses.TC001_VerifyLoginPageFunctionality" name="verifyLoginFunctionality" time="22.713"/>
  <system-out/>
</testsuite> <!-- com.Saucedemo.TestClasses.TC001_VerifyLoginPageFunctionality -->
